{"level":"error","message":"Call.find is not a function"}
{"level":"error","message":"Joi.string(...).required(...).minlength is not a function"}
{"level":"error","message":"Joi.string(...).required(...).min(...).max(...).match is not a function"}
{"level":"error","message":"Unknown date format DD/MM/YYYY hh:mm"}
{"level":"error","message":"call is not defined"}
{"level":"error","message":"Cast to ObjectId failed for value \"61f15d8faf9ba74c5e116e3\" (type string) at path \"_id\" for model \"Sms\""}
{"level":"error","message":"Cast to ObjectId failed for value \"undefined\" (type string) at path \"_id\" for model \"Contact\""}
{"level":"error","message":"Cast to ObjectId failed for value \"undefined\" (type string) at path \"_id\" for model \"Contact\""}
{"level":"error","message":"Contact validation failed: number: Must provide number., firstName: Must provide first name."}
{"level":"error","message":"Contact validation failed: firstName: Must provide first name."}
{"level":"error","message":"Contact validation failed: firstName: Must provide first name."}
{"level":"error","message":"Contact validation failed: firstName: Must provide first name."}
{"level":"error","message":"Contact validation failed: firstName: Must provide first name."}
{"level":"error","message":"Contact validation failed: firstName: Must provide first name."}
{"level":"error","message":"Contact validation failed: firstName: Must provide first name."}
{"level":"error","message":"Contact validation failed: firstName: Must provide first name."}
{"level":"error","message":"Contact validation failed: firstName: Must provide first name."}
{"level":"error","message":"E11000 duplicate key error collection: Phone-book.contacts index: number_1 dup key: { number: \"1234567890\" }"}
{"level":"error","message":"E11000 duplicate key error collection: Phone-book.contacts index: number_1 dup key: { number: \"1234567890\" }"}
{"level":"error","message":"Cannot destructure property 'number' of '((cov_2kf60ijwrf(...).s[8]++) , (intermediate value))' as it is null."}
{"level":"error","message":"Cannot destructure property 'number' of '((cov_2kf60ijwrf(...).s[8]++) , (intermediate value))' as it is null."}
{"level":"error","message":"Cannot destructure property 'number' of '((cov_2kf60ijwrf(...).s[8]++) , (intermediate value))' as it is null."}
{"level":"error","message":"Cannot destructure property 'number' of '((cov_2kf60ijwrf(...).s[8]++) , (intermediate value))' as it is null."}
{"level":"error","message":"Cannot destructure property 'number' of '((cov_2kf60ijwrf(...).s[8]++) , (intermediate value))' as it is null."}
{"level":"error","message":"Cannot destructure property 'number' of '((cov_2kf60ijwrf(...).s[8]++) , (intermediate value))' as it is null."}
{"level":"error","message":"Cannot destructure property 'number' of '((cov_2kf60ijwrf(...).s[8]++) , (intermediate value))' as it is null."}
{"level":"error","message":"Cannot destructure property 'number' of '((cov_2kf60ijwrf(...).s[8]++) , (intermediate value))' as it is null."}
